The system is: Linux - 4.9.168-017.ali3000.alios7.x86_64 - x86_64
Compiling the C compiler identification source file "CMakeCCompilerId.c" succeeded.
Compiler: /bin/cc 
Build flags: 
Id flags:  

The output was:
0


Compilation of the C compiler identification source "CMakeCCompilerId.c" produced "a.out"

The C compiler identification is GNU, found in "/home/admin/louyunkai.lyk/gopt/gopt_experiment/graindb/CMakeFiles/3.17.5/CompilerIdC/a.out"

Compiling the CXX compiler identification source file "CMakeCXXCompilerId.cpp" succeeded.
Compiler: /bin/c++ 
Build flags: 
Id flags:  

The output was:
0


Compilation of the CXX compiler identification source "CMakeCXXCompilerId.cpp" produced "a.out"

The CXX compiler identification is GNU, found in "/home/admin/louyunkai.lyk/gopt/gopt_experiment/graindb/CMakeFiles/3.17.5/CompilerIdCXX/a.out"

Determining if the C compiler works passed with the following output:
Change Dir: /home/admin/louyunkai.lyk/gopt/gopt_experiment/graindb/CMakeFiles/CMakeTmp

Run Build Command(s):/bin/gmake cmTC_37fc6/fast && /bin/gmake  -f CMakeFiles/cmTC_37fc6.dir/build.make CMakeFiles/cmTC_37fc6.dir/build
gmake[1]: Entering directory `/home/admin/louyunkai.lyk/gopt/gopt_experiment/graindb/CMakeFiles/CMakeTmp'
Building C object CMakeFiles/cmTC_37fc6.dir/testCCompiler.c.o
/bin/cc    -o CMakeFiles/cmTC_37fc6.dir/testCCompiler.c.o   -c /home/admin/louyunkai.lyk/gopt/gopt_experiment/graindb/CMakeFiles/CMakeTmp/testCCompiler.c
Linking C executable cmTC_37fc6
/usr/bin/cmake3 -E cmake_link_script CMakeFiles/cmTC_37fc6.dir/link.txt --verbose=1
/bin/cc      -rdynamic CMakeFiles/cmTC_37fc6.dir/testCCompiler.c.o  -o cmTC_37fc6 
gmake[1]: Leaving directory `/home/admin/louyunkai.lyk/gopt/gopt_experiment/graindb/CMakeFiles/CMakeTmp'



Detecting C compiler ABI info compiled with the following output:
Change Dir: /home/admin/louyunkai.lyk/gopt/gopt_experiment/graindb/CMakeFiles/CMakeTmp

Run Build Command(s):/bin/gmake cmTC_9b399/fast && /bin/gmake  -f CMakeFiles/cmTC_9b399.dir/build.make CMakeFiles/cmTC_9b399.dir/build
gmake[1]: Entering directory `/home/admin/louyunkai.lyk/gopt/gopt_experiment/graindb/CMakeFiles/CMakeTmp'
Building C object CMakeFiles/cmTC_9b399.dir/CMakeCCompilerABI.c.o
/bin/cc   -v -o CMakeFiles/cmTC_9b399.dir/CMakeCCompilerABI.c.o   -c /usr/share/cmake3/Modules/CMakeCCompilerABI.c
Using built-in specs.
COLLECT_GCC=/bin/cc
Target: x86_64-redhat-linux
Configured with: ../configure --enable-bootstrap --enable-languages=c,c++,objc,obj-c++,fortran,go,lto --prefix=/usr --mandir=/usr/share/man --infodir=/usr/share/info --with-bugurl=https://aone.alibaba-inc.com/project/767688/issue/ --enable-shared --enable-threads=posix --enable-checking=release --enable-multilib --with-system-zlib --enable-__cxa_atexit --disable-libunwind-exceptions --enable-gnu-unique-object --enable-linker-build-id --with-linker-hash-style=gnu --enable-plugin --enable-initfini-array --disable-libgcj --with-isl --disable-libmpx --enable-gnu-indirect-function --with-tune=generic --with-arch_32=x86-64 --build=x86_64-redhat-linux
Thread model: posix
gcc version 6.5.1 20181026 (Alibaba 6.5.1-1) (GCC) 
COLLECT_GCC_OPTIONS='-v' '-o' 'CMakeFiles/cmTC_9b399.dir/CMakeCCompilerABI.c.o' '-c' '-mtune=generic' '-march=x86-64'
 /usr/libexec/gcc/x86_64-redhat-linux/6.5.1/cc1 -quiet -v /usr/share/cmake3/Modules/CMakeCCompilerABI.c -quiet -dumpbase CMakeCCompilerABI.c -mtune=generic -march=x86-64 -auxbase-strip CMakeFiles/cmTC_9b399.dir/CMakeCCompilerABI.c.o -version -o /tmp/cckUzB3H.s
GNU C11 (GCC) version 6.5.1 20181026 (Alibaba 6.5.1-1) (x86_64-redhat-linux)
	compiled by GNU C version 6.5.1 20181026 (Alibaba 6.5.1-1), GMP version 6.0.0, MPFR version 3.1.1, MPC version 1.0.1, isl version 0.14 or 0.13
GGC heuristics: --param ggc-min-expand=100 --param ggc-min-heapsize=131072
ignoring nonexistent directory "/usr/lib/gcc/x86_64-redhat-linux/6.5.1/include-fixed"
ignoring nonexistent directory "/usr/lib/gcc/x86_64-redhat-linux/6.5.1/../../../../x86_64-redhat-linux/include"
#include "..." search starts here:
#include <...> search starts here:
 /usr/lib/gcc/x86_64-redhat-linux/6.5.1/include
 /usr/local/include
 /usr/include
End of search list.
GNU C11 (GCC) version 6.5.1 20181026 (Alibaba 6.5.1-1) (x86_64-redhat-linux)
	compiled by GNU C version 6.5.1 20181026 (Alibaba 6.5.1-1), GMP version 6.0.0, MPFR version 3.1.1, MPC version 1.0.1, isl version 0.14 or 0.13
GGC heuristics: --param ggc-min-expand=100 --param ggc-min-heapsize=131072
Compiler executable checksum: 088e7e8c58336c209035bbfbfbf6878d
COLLECT_GCC_OPTIONS='-v' '-o' 'CMakeFiles/cmTC_9b399.dir/CMakeCCompilerABI.c.o' '-c' '-mtune=generic' '-march=x86-64'
 as -v --64 -o CMakeFiles/cmTC_9b399.dir/CMakeCCompilerABI.c.o /tmp/cckUzB3H.s
GNU assembler version 2.26.1 (x86_64-redhat-linux) using BFD version version 2.26.1-2.alios7
COMPILER_PATH=/usr/libexec/gcc/x86_64-redhat-linux/6.5.1/:/usr/libexec/gcc/x86_64-redhat-linux/6.5.1/:/usr/libexec/gcc/x86_64-redhat-linux/:/usr/lib/gcc/x86_64-redhat-linux/6.5.1/:/usr/lib/gcc/x86_64-redhat-linux/
LIBRARY_PATH=/usr/lib/gcc/x86_64-redhat-linux/6.5.1/:/usr/lib/gcc/x86_64-redhat-linux/6.5.1/../../../../lib64/:/lib/../lib64/:/usr/lib/../lib64/:/usr/lib/gcc/x86_64-redhat-linux/6.5.1/../../../:/lib/:/usr/lib/
COLLECT_GCC_OPTIONS='-v' '-o' 'CMakeFiles/cmTC_9b399.dir/CMakeCCompilerABI.c.o' '-c' '-mtune=generic' '-march=x86-64'
Linking C executable cmTC_9b399
/usr/bin/cmake3 -E cmake_link_script CMakeFiles/cmTC_9b399.dir/link.txt --verbose=1
/bin/cc     -v -rdynamic CMakeFiles/cmTC_9b399.dir/CMakeCCompilerABI.c.o  -o cmTC_9b399 
Using built-in specs.
COLLECT_GCC=/bin/cc
COLLECT_LTO_WRAPPER=/usr/libexec/gcc/x86_64-redhat-linux/6.5.1/lto-wrapper
Target: x86_64-redhat-linux
Configured with: ../configure --enable-bootstrap --enable-languages=c,c++,objc,obj-c++,fortran,go,lto --prefix=/usr --mandir=/usr/share/man --infodir=/usr/share/info --with-bugurl=https://aone.alibaba-inc.com/project/767688/issue/ --enable-shared --enable-threads=posix --enable-checking=release --enable-multilib --with-system-zlib --enable-__cxa_atexit --disable-libunwind-exceptions --enable-gnu-unique-object --enable-linker-build-id --with-linker-hash-style=gnu --enable-plugin --enable-initfini-array --disable-libgcj --with-isl --disable-libmpx --enable-gnu-indirect-function --with-tune=generic --with-arch_32=x86-64 --build=x86_64-redhat-linux
Thread model: posix
gcc version 6.5.1 20181026 (Alibaba 6.5.1-1) (GCC) 
COMPILER_PATH=/usr/libexec/gcc/x86_64-redhat-linux/6.5.1/:/usr/libexec/gcc/x86_64-redhat-linux/6.5.1/:/usr/libexec/gcc/x86_64-redhat-linux/:/usr/lib/gcc/x86_64-redhat-linux/6.5.1/:/usr/lib/gcc/x86_64-redhat-linux/
LIBRARY_PATH=/usr/lib/gcc/x86_64-redhat-linux/6.5.1/:/usr/lib/gcc/x86_64-redhat-linux/6.5.1/../../../../lib64/:/lib/../lib64/:/usr/lib/../lib64/:/usr/lib/gcc/x86_64-redhat-linux/6.5.1/../../../:/lib/:/usr/lib/
COLLECT_GCC_OPTIONS='-v' '-rdynamic' '-o' 'cmTC_9b399' '-mtune=generic' '-march=x86-64'
 /usr/libexec/gcc/x86_64-redhat-linux/6.5.1/collect2 -plugin /usr/libexec/gcc/x86_64-redhat-linux/6.5.1/liblto_plugin.so -plugin-opt=/usr/libexec/gcc/x86_64-redhat-linux/6.5.1/lto-wrapper -plugin-opt=-fresolution=/tmp/ccZSELdL.res -plugin-opt=-pass-through=-lgcc -plugin-opt=-pass-through=-lgcc_s -plugin-opt=-pass-through=-lc -plugin-opt=-pass-through=-lgcc -plugin-opt=-pass-through=-lgcc_s --build-id --no-add-needed --eh-frame-hdr --hash-style=gnu -m elf_x86_64 -export-dynamic -dynamic-linker /lib64/ld-linux-x86-64.so.2 -o cmTC_9b399 /usr/lib/gcc/x86_64-redhat-linux/6.5.1/../../../../lib64/crt1.o /usr/lib/gcc/x86_64-redhat-linux/6.5.1/../../../../lib64/crti.o /usr/lib/gcc/x86_64-redhat-linux/6.5.1/crtbegin.o -L/usr/lib/gcc/x86_64-redhat-linux/6.5.1 -L/usr/lib/gcc/x86_64-redhat-linux/6.5.1/../../../../lib64 -L/lib/../lib64 -L/usr/lib/../lib64 -L/usr/lib/gcc/x86_64-redhat-linux/6.5.1/../../.. CMakeFiles/cmTC_9b399.dir/CMakeCCompilerABI.c.o -lgcc --as-needed -lgcc_s --no-as-needed -lc -lgcc --as-needed -lgcc_s --no-as-needed /usr/lib/gcc/x86_64-redhat-linux/6.5.1/crtend.o /usr/lib/gcc/x86_64-redhat-linux/6.5.1/../../../../lib64/crtn.o
COLLECT_GCC_OPTIONS='-v' '-rdynamic' '-o' 'cmTC_9b399' '-mtune=generic' '-march=x86-64'
gmake[1]: Leaving directory `/home/admin/louyunkai.lyk/gopt/gopt_experiment/graindb/CMakeFiles/CMakeTmp'



Parsed C implicit include dir info from above output: rv=done
  found start of include info
  found start of implicit include info
    add: [/usr/lib/gcc/x86_64-redhat-linux/6.5.1/include]
    add: [/usr/local/include]
    add: [/usr/include]
  end of search list found
  collapse include dir [/usr/lib/gcc/x86_64-redhat-linux/6.5.1/include] ==> [/usr/lib/gcc/x86_64-redhat-linux/6.5.1/include]
  collapse include dir [/usr/local/include] ==> [/usr/local/include]
  collapse include dir [/usr/include] ==> [/usr/include]
  implicit include dirs: [/usr/lib/gcc/x86_64-redhat-linux/6.5.1/include;/usr/local/include;/usr/include]


Parsed C implicit link information from above output:
  link line regex: [^( *|.*[/\])(ld|CMAKE_LINK_STARTFILE-NOTFOUND|([^/\]+-)?ld|collect2)[^/\]*( |$)]
  ignore line: [Change Dir: /home/admin/louyunkai.lyk/gopt/gopt_experiment/graindb/CMakeFiles/CMakeTmp]
  ignore line: []
  ignore line: [Run Build Command(s):/bin/gmake cmTC_9b399/fast && /bin/gmake  -f CMakeFiles/cmTC_9b399.dir/build.make CMakeFiles/cmTC_9b399.dir/build]
  ignore line: [gmake[1]: Entering directory `/home/admin/louyunkai.lyk/gopt/gopt_experiment/graindb/CMakeFiles/CMakeTmp']
  ignore line: [Building C object CMakeFiles/cmTC_9b399.dir/CMakeCCompilerABI.c.o]
  ignore line: [/bin/cc   -v -o CMakeFiles/cmTC_9b399.dir/CMakeCCompilerABI.c.o   -c /usr/share/cmake3/Modules/CMakeCCompilerABI.c]
  ignore line: [Using built-in specs.]
  ignore line: [COLLECT_GCC=/bin/cc]
  ignore line: [Target: x86_64-redhat-linux]
  ignore line: [Configured with: ../configure --enable-bootstrap --enable-languages=c c++ objc obj-c++ fortran go lto --prefix=/usr --mandir=/usr/share/man --infodir=/usr/share/info --with-bugurl=https://aone.alibaba-inc.com/project/767688/issue/ --enable-shared --enable-threads=posix --enable-checking=release --enable-multilib --with-system-zlib --enable-__cxa_atexit --disable-libunwind-exceptions --enable-gnu-unique-object --enable-linker-build-id --with-linker-hash-style=gnu --enable-plugin --enable-initfini-array --disable-libgcj --with-isl --disable-libmpx --enable-gnu-indirect-function --with-tune=generic --with-arch_32=x86-64 --build=x86_64-redhat-linux]
  ignore line: [Thread model: posix]
  ignore line: [gcc version 6.5.1 20181026 (Alibaba 6.5.1-1) (GCC) ]
  ignore line: [COLLECT_GCC_OPTIONS='-v' '-o' 'CMakeFiles/cmTC_9b399.dir/CMakeCCompilerABI.c.o' '-c' '-mtune=generic' '-march=x86-64']
  ignore line: [ /usr/libexec/gcc/x86_64-redhat-linux/6.5.1/cc1 -quiet -v /usr/share/cmake3/Modules/CMakeCCompilerABI.c -quiet -dumpbase CMakeCCompilerABI.c -mtune=generic -march=x86-64 -auxbase-strip CMakeFiles/cmTC_9b399.dir/CMakeCCompilerABI.c.o -version -o /tmp/cckUzB3H.s]
  ignore line: [GNU C11 (GCC) version 6.5.1 20181026 (Alibaba 6.5.1-1) (x86_64-redhat-linux)]
  ignore line: [	compiled by GNU C version 6.5.1 20181026 (Alibaba 6.5.1-1)  GMP version 6.0.0  MPFR version 3.1.1  MPC version 1.0.1  isl version 0.14 or 0.13]
  ignore line: [GGC heuristics: --param ggc-min-expand=100 --param ggc-min-heapsize=131072]
  ignore line: [ignoring nonexistent directory "/usr/lib/gcc/x86_64-redhat-linux/6.5.1/include-fixed"]
  ignore line: [ignoring nonexistent directory "/usr/lib/gcc/x86_64-redhat-linux/6.5.1/../../../../x86_64-redhat-linux/include"]
  ignore line: [#include "..." search starts here:]
  ignore line: [#include <...> search starts here:]
  ignore line: [ /usr/lib/gcc/x86_64-redhat-linux/6.5.1/include]
  ignore line: [ /usr/local/include]
  ignore line: [ /usr/include]
  ignore line: [End of search list.]
  ignore line: [GNU C11 (GCC) version 6.5.1 20181026 (Alibaba 6.5.1-1) (x86_64-redhat-linux)]
  ignore line: [	compiled by GNU C version 6.5.1 20181026 (Alibaba 6.5.1-1)  GMP version 6.0.0  MPFR version 3.1.1  MPC version 1.0.1  isl version 0.14 or 0.13]
  ignore line: [GGC heuristics: --param ggc-min-expand=100 --param ggc-min-heapsize=131072]
  ignore line: [Compiler executable checksum: 088e7e8c58336c209035bbfbfbf6878d]
  ignore line: [COLLECT_GCC_OPTIONS='-v' '-o' 'CMakeFiles/cmTC_9b399.dir/CMakeCCompilerABI.c.o' '-c' '-mtune=generic' '-march=x86-64']
  ignore line: [ as -v --64 -o CMakeFiles/cmTC_9b399.dir/CMakeCCompilerABI.c.o /tmp/cckUzB3H.s]
  ignore line: [GNU assembler version 2.26.1 (x86_64-redhat-linux) using BFD version version 2.26.1-2.alios7]
  ignore line: [COMPILER_PATH=/usr/libexec/gcc/x86_64-redhat-linux/6.5.1/:/usr/libexec/gcc/x86_64-redhat-linux/6.5.1/:/usr/libexec/gcc/x86_64-redhat-linux/:/usr/lib/gcc/x86_64-redhat-linux/6.5.1/:/usr/lib/gcc/x86_64-redhat-linux/]
  ignore line: [LIBRARY_PATH=/usr/lib/gcc/x86_64-redhat-linux/6.5.1/:/usr/lib/gcc/x86_64-redhat-linux/6.5.1/../../../../lib64/:/lib/../lib64/:/usr/lib/../lib64/:/usr/lib/gcc/x86_64-redhat-linux/6.5.1/../../../:/lib/:/usr/lib/]
  ignore line: [COLLECT_GCC_OPTIONS='-v' '-o' 'CMakeFiles/cmTC_9b399.dir/CMakeCCompilerABI.c.o' '-c' '-mtune=generic' '-march=x86-64']
  ignore line: [Linking C executable cmTC_9b399]
  ignore line: [/usr/bin/cmake3 -E cmake_link_script CMakeFiles/cmTC_9b399.dir/link.txt --verbose=1]
  ignore line: [/bin/cc     -v -rdynamic CMakeFiles/cmTC_9b399.dir/CMakeCCompilerABI.c.o  -o cmTC_9b399 ]
  ignore line: [Using built-in specs.]
  ignore line: [COLLECT_GCC=/bin/cc]
  ignore line: [COLLECT_LTO_WRAPPER=/usr/libexec/gcc/x86_64-redhat-linux/6.5.1/lto-wrapper]
  ignore line: [Target: x86_64-redhat-linux]
  ignore line: [Configured with: ../configure --enable-bootstrap --enable-languages=c c++ objc obj-c++ fortran go lto --prefix=/usr --mandir=/usr/share/man --infodir=/usr/share/info --with-bugurl=https://aone.alibaba-inc.com/project/767688/issue/ --enable-shared --enable-threads=posix --enable-checking=release --enable-multilib --with-system-zlib --enable-__cxa_atexit --disable-libunwind-exceptions --enable-gnu-unique-object --enable-linker-build-id --with-linker-hash-style=gnu --enable-plugin --enable-initfini-array --disable-libgcj --with-isl --disable-libmpx --enable-gnu-indirect-function --with-tune=generic --with-arch_32=x86-64 --build=x86_64-redhat-linux]
  ignore line: [Thread model: posix]
  ignore line: [gcc version 6.5.1 20181026 (Alibaba 6.5.1-1) (GCC) ]
  ignore line: [COMPILER_PATH=/usr/libexec/gcc/x86_64-redhat-linux/6.5.1/:/usr/libexec/gcc/x86_64-redhat-linux/6.5.1/:/usr/libexec/gcc/x86_64-redhat-linux/:/usr/lib/gcc/x86_64-redhat-linux/6.5.1/:/usr/lib/gcc/x86_64-redhat-linux/]
  ignore line: [LIBRARY_PATH=/usr/lib/gcc/x86_64-redhat-linux/6.5.1/:/usr/lib/gcc/x86_64-redhat-linux/6.5.1/../../../../lib64/:/lib/../lib64/:/usr/lib/../lib64/:/usr/lib/gcc/x86_64-redhat-linux/6.5.1/../../../:/lib/:/usr/lib/]
  ignore line: [COLLECT_GCC_OPTIONS='-v' '-rdynamic' '-o' 'cmTC_9b399' '-mtune=generic' '-march=x86-64']
  link line: [ /usr/libexec/gcc/x86_64-redhat-linux/6.5.1/collect2 -plugin /usr/libexec/gcc/x86_64-redhat-linux/6.5.1/liblto_plugin.so -plugin-opt=/usr/libexec/gcc/x86_64-redhat-linux/6.5.1/lto-wrapper -plugin-opt=-fresolution=/tmp/ccZSELdL.res -plugin-opt=-pass-through=-lgcc -plugin-opt=-pass-through=-lgcc_s -plugin-opt=-pass-through=-lc -plugin-opt=-pass-through=-lgcc -plugin-opt=-pass-through=-lgcc_s --build-id --no-add-needed --eh-frame-hdr --hash-style=gnu -m elf_x86_64 -export-dynamic -dynamic-linker /lib64/ld-linux-x86-64.so.2 -o cmTC_9b399 /usr/lib/gcc/x86_64-redhat-linux/6.5.1/../../../../lib64/crt1.o /usr/lib/gcc/x86_64-redhat-linux/6.5.1/../../../../lib64/crti.o /usr/lib/gcc/x86_64-redhat-linux/6.5.1/crtbegin.o -L/usr/lib/gcc/x86_64-redhat-linux/6.5.1 -L/usr/lib/gcc/x86_64-redhat-linux/6.5.1/../../../../lib64 -L/lib/../lib64 -L/usr/lib/../lib64 -L/usr/lib/gcc/x86_64-redhat-linux/6.5.1/../../.. CMakeFiles/cmTC_9b399.dir/CMakeCCompilerABI.c.o -lgcc --as-needed -lgcc_s --no-as-needed -lc -lgcc --as-needed -lgcc_s --no-as-needed /usr/lib/gcc/x86_64-redhat-linux/6.5.1/crtend.o /usr/lib/gcc/x86_64-redhat-linux/6.5.1/../../../../lib64/crtn.o]
    arg [/usr/libexec/gcc/x86_64-redhat-linux/6.5.1/collect2] ==> ignore
    arg [-plugin] ==> ignore
    arg [/usr/libexec/gcc/x86_64-redhat-linux/6.5.1/liblto_plugin.so] ==> ignore
    arg [-plugin-opt=/usr/libexec/gcc/x86_64-redhat-linux/6.5.1/lto-wrapper] ==> ignore
    arg [-plugin-opt=-fresolution=/tmp/ccZSELdL.res] ==> ignore
    arg [-plugin-opt=-pass-through=-lgcc] ==> ignore
    arg [-plugin-opt=-pass-through=-lgcc_s] ==> ignore
    arg [-plugin-opt=-pass-through=-lc] ==> ignore
    arg [-plugin-opt=-pass-through=-lgcc] ==> ignore
    arg [-plugin-opt=-pass-through=-lgcc_s] ==> ignore
    arg [--build-id] ==> ignore
    arg [--no-add-needed] ==> ignore
    arg [--eh-frame-hdr] ==> ignore
    arg [--hash-style=gnu] ==> ignore
    arg [-m] ==> ignore
    arg [elf_x86_64] ==> ignore
    arg [-export-dynamic] ==> ignore
    arg [-dynamic-linker] ==> ignore
    arg [/lib64/ld-linux-x86-64.so.2] ==> ignore
    arg [-o] ==> ignore
    arg [cmTC_9b399] ==> ignore
    arg [/usr/lib/gcc/x86_64-redhat-linux/6.5.1/../../../../lib64/crt1.o] ==> ignore
    arg [/usr/lib/gcc/x86_64-redhat-linux/6.5.1/../../../../lib64/crti.o] ==> ignore
    arg [/usr/lib/gcc/x86_64-redhat-linux/6.5.1/crtbegin.o] ==> ignore
    arg [-L/usr/lib/gcc/x86_64-redhat-linux/6.5.1] ==> dir [/usr/lib/gcc/x86_64-redhat-linux/6.5.1]
    arg [-L/usr/lib/gcc/x86_64-redhat-linux/6.5.1/../../../../lib64] ==> dir [/usr/lib/gcc/x86_64-redhat-linux/6.5.1/../../../../lib64]
    arg [-L/lib/../lib64] ==> dir [/lib/../lib64]
    arg [-L/usr/lib/../lib64] ==> dir [/usr/lib/../lib64]
    arg [-L/usr/lib/gcc/x86_64-redhat-linux/6.5.1/../../..] ==> dir [/usr/lib/gcc/x86_64-redhat-linux/6.5.1/../../..]
    arg [CMakeFiles/cmTC_9b399.dir/CMakeCCompilerABI.c.o] ==> ignore
    arg [-lgcc] ==> lib [gcc]
    arg [--as-needed] ==> ignore
    arg [-lgcc_s] ==> lib [gcc_s]
    arg [--no-as-needed] ==> ignore
    arg [-lc] ==> lib [c]
    arg [-lgcc] ==> lib [gcc]
    arg [--as-needed] ==> ignore
    arg [-lgcc_s] ==> lib [gcc_s]
    arg [--no-as-needed] ==> ignore
    arg [/usr/lib/gcc/x86_64-redhat-linux/6.5.1/crtend.o] ==> ignore
    arg [/usr/lib/gcc/x86_64-redhat-linux/6.5.1/../../../../lib64/crtn.o] ==> ignore
  collapse library dir [/usr/lib/gcc/x86_64-redhat-linux/6.5.1] ==> [/usr/lib/gcc/x86_64-redhat-linux/6.5.1]
  collapse library dir [/usr/lib/gcc/x86_64-redhat-linux/6.5.1/../../../../lib64] ==> [/usr/lib64]
  collapse library dir [/lib/../lib64] ==> [/lib64]
  collapse library dir [/usr/lib/../lib64] ==> [/usr/lib64]
  collapse library dir [/usr/lib/gcc/x86_64-redhat-linux/6.5.1/../../..] ==> [/usr/lib]
  implicit libs: [gcc;gcc_s;c;gcc;gcc_s]
  implicit dirs: [/usr/lib/gcc/x86_64-redhat-linux/6.5.1;/usr/lib64;/lib64;/usr/lib]
  implicit fwks: []


Determining if the CXX compiler works passed with the following output:
Change Dir: /home/admin/louyunkai.lyk/gopt/gopt_experiment/graindb/CMakeFiles/CMakeTmp

Run Build Command(s):/bin/gmake cmTC_e725f/fast && /bin/gmake  -f CMakeFiles/cmTC_e725f.dir/build.make CMakeFiles/cmTC_e725f.dir/build
gmake[1]: Entering directory `/home/admin/louyunkai.lyk/gopt/gopt_experiment/graindb/CMakeFiles/CMakeTmp'
Building CXX object CMakeFiles/cmTC_e725f.dir/testCXXCompiler.cxx.o
/bin/c++     -o CMakeFiles/cmTC_e725f.dir/testCXXCompiler.cxx.o -c /home/admin/louyunkai.lyk/gopt/gopt_experiment/graindb/CMakeFiles/CMakeTmp/testCXXCompiler.cxx
Linking CXX executable cmTC_e725f
/usr/bin/cmake3 -E cmake_link_script CMakeFiles/cmTC_e725f.dir/link.txt --verbose=1
/bin/c++       -rdynamic CMakeFiles/cmTC_e725f.dir/testCXXCompiler.cxx.o  -o cmTC_e725f 
gmake[1]: Leaving directory `/home/admin/louyunkai.lyk/gopt/gopt_experiment/graindb/CMakeFiles/CMakeTmp'



Detecting CXX compiler ABI info compiled with the following output:
Change Dir: /home/admin/louyunkai.lyk/gopt/gopt_experiment/graindb/CMakeFiles/CMakeTmp

Run Build Command(s):/bin/gmake cmTC_4da7e/fast && /bin/gmake  -f CMakeFiles/cmTC_4da7e.dir/build.make CMakeFiles/cmTC_4da7e.dir/build
gmake[1]: Entering directory `/home/admin/louyunkai.lyk/gopt/gopt_experiment/graindb/CMakeFiles/CMakeTmp'
Building CXX object CMakeFiles/cmTC_4da7e.dir/CMakeCXXCompilerABI.cpp.o
/bin/c++    -v -o CMakeFiles/cmTC_4da7e.dir/CMakeCXXCompilerABI.cpp.o -c /usr/share/cmake3/Modules/CMakeCXXCompilerABI.cpp
Using built-in specs.
COLLECT_GCC=/bin/c++
Target: x86_64-redhat-linux
Configured with: ../configure --enable-bootstrap --enable-languages=c,c++,objc,obj-c++,fortran,go,lto --prefix=/usr --mandir=/usr/share/man --infodir=/usr/share/info --with-bugurl=https://aone.alibaba-inc.com/project/767688/issue/ --enable-shared --enable-threads=posix --enable-checking=release --enable-multilib --with-system-zlib --enable-__cxa_atexit --disable-libunwind-exceptions --enable-gnu-unique-object --enable-linker-build-id --with-linker-hash-style=gnu --enable-plugin --enable-initfini-array --disable-libgcj --with-isl --disable-libmpx --enable-gnu-indirect-function --with-tune=generic --with-arch_32=x86-64 --build=x86_64-redhat-linux
Thread model: posix
gcc version 6.5.1 20181026 (Alibaba 6.5.1-1) (GCC) 
COLLECT_GCC_OPTIONS='-v' '-o' 'CMakeFiles/cmTC_4da7e.dir/CMakeCXXCompilerABI.cpp.o' '-c' '-shared-libgcc' '-mtune=generic' '-march=x86-64'
 /usr/libexec/gcc/x86_64-redhat-linux/6.5.1/cc1plus -quiet -v -D_GNU_SOURCE /usr/share/cmake3/Modules/CMakeCXXCompilerABI.cpp -quiet -dumpbase CMakeCXXCompilerABI.cpp -mtune=generic -march=x86-64 -auxbase-strip CMakeFiles/cmTC_4da7e.dir/CMakeCXXCompilerABI.cpp.o -version -o /tmp/ccqXv0LM.s
GNU C++14 (GCC) version 6.5.1 20181026 (Alibaba 6.5.1-1) (x86_64-redhat-linux)
	compiled by GNU C version 6.5.1 20181026 (Alibaba 6.5.1-1), GMP version 6.0.0, MPFR version 3.1.1, MPC version 1.0.1, isl version 0.14 or 0.13
GGC heuristics: --param ggc-min-expand=100 --param ggc-min-heapsize=131072
ignoring nonexistent directory "/usr/lib/gcc/x86_64-redhat-linux/6.5.1/include-fixed"
ignoring nonexistent directory "/usr/lib/gcc/x86_64-redhat-linux/6.5.1/../../../../x86_64-redhat-linux/include"
#include "..." search starts here:
#include <...> search starts here:
 /usr/lib/gcc/x86_64-redhat-linux/6.5.1/../../../../include/c++/6.5.1
 /usr/lib/gcc/x86_64-redhat-linux/6.5.1/../../../../include/c++/6.5.1/x86_64-redhat-linux
 /usr/lib/gcc/x86_64-redhat-linux/6.5.1/../../../../include/c++/6.5.1/backward
 /usr/lib/gcc/x86_64-redhat-linux/6.5.1/include
 /usr/local/include
 /usr/include
End of search list.
GNU C++14 (GCC) version 6.5.1 20181026 (Alibaba 6.5.1-1) (x86_64-redhat-linux)
	compiled by GNU C version 6.5.1 20181026 (Alibaba 6.5.1-1), GMP version 6.0.0, MPFR version 3.1.1, MPC version 1.0.1, isl version 0.14 or 0.13
GGC heuristics: --param ggc-min-expand=100 --param ggc-min-heapsize=131072
Compiler executable checksum: 9939a765a42ec3366620355ec259878a
COLLECT_GCC_OPTIONS='-v' '-o' 'CMakeFiles/cmTC_4da7e.dir/CMakeCXXCompilerABI.cpp.o' '-c' '-shared-libgcc' '-mtune=generic' '-march=x86-64'
 as -v --64 -o CMakeFiles/cmTC_4da7e.dir/CMakeCXXCompilerABI.cpp.o /tmp/ccqXv0LM.s
GNU assembler version 2.26.1 (x86_64-redhat-linux) using BFD version version 2.26.1-2.alios7
COMPILER_PATH=/usr/libexec/gcc/x86_64-redhat-linux/6.5.1/:/usr/libexec/gcc/x86_64-redhat-linux/6.5.1/:/usr/libexec/gcc/x86_64-redhat-linux/:/usr/lib/gcc/x86_64-redhat-linux/6.5.1/:/usr/lib/gcc/x86_64-redhat-linux/
LIBRARY_PATH=/usr/lib/gcc/x86_64-redhat-linux/6.5.1/:/usr/lib/gcc/x86_64-redhat-linux/6.5.1/../../../../lib64/:/lib/../lib64/:/usr/lib/../lib64/:/usr/lib/gcc/x86_64-redhat-linux/6.5.1/../../../:/lib/:/usr/lib/
COLLECT_GCC_OPTIONS='-v' '-o' 'CMakeFiles/cmTC_4da7e.dir/CMakeCXXCompilerABI.cpp.o' '-c' '-shared-libgcc' '-mtune=generic' '-march=x86-64'
Linking CXX executable cmTC_4da7e
/usr/bin/cmake3 -E cmake_link_script CMakeFiles/cmTC_4da7e.dir/link.txt --verbose=1
/bin/c++      -v -rdynamic CMakeFiles/cmTC_4da7e.dir/CMakeCXXCompilerABI.cpp.o  -o cmTC_4da7e 
Using built-in specs.
COLLECT_GCC=/bin/c++
COLLECT_LTO_WRAPPER=/usr/libexec/gcc/x86_64-redhat-linux/6.5.1/lto-wrapper
Target: x86_64-redhat-linux
Configured with: ../configure --enable-bootstrap --enable-languages=c,c++,objc,obj-c++,fortran,go,lto --prefix=/usr --mandir=/usr/share/man --infodir=/usr/share/info --with-bugurl=https://aone.alibaba-inc.com/project/767688/issue/ --enable-shared --enable-threads=posix --enable-checking=release --enable-multilib --with-system-zlib --enable-__cxa_atexit --disable-libunwind-exceptions --enable-gnu-unique-object --enable-linker-build-id --with-linker-hash-style=gnu --enable-plugin --enable-initfini-array --disable-libgcj --with-isl --disable-libmpx --enable-gnu-indirect-function --with-tune=generic --with-arch_32=x86-64 --build=x86_64-redhat-linux
Thread model: posix
gcc version 6.5.1 20181026 (Alibaba 6.5.1-1) (GCC) 
COMPILER_PATH=/usr/libexec/gcc/x86_64-redhat-linux/6.5.1/:/usr/libexec/gcc/x86_64-redhat-linux/6.5.1/:/usr/libexec/gcc/x86_64-redhat-linux/:/usr/lib/gcc/x86_64-redhat-linux/6.5.1/:/usr/lib/gcc/x86_64-redhat-linux/
LIBRARY_PATH=/usr/lib/gcc/x86_64-redhat-linux/6.5.1/:/usr/lib/gcc/x86_64-redhat-linux/6.5.1/../../../../lib64/:/lib/../lib64/:/usr/lib/../lib64/:/usr/lib/gcc/x86_64-redhat-linux/6.5.1/../../../:/lib/:/usr/lib/
COLLECT_GCC_OPTIONS='-v' '-rdynamic' '-o' 'cmTC_4da7e' '-shared-libgcc' '-mtune=generic' '-march=x86-64'
 /usr/libexec/gcc/x86_64-redhat-linux/6.5.1/collect2 -plugin /usr/libexec/gcc/x86_64-redhat-linux/6.5.1/liblto_plugin.so -plugin-opt=/usr/libexec/gcc/x86_64-redhat-linux/6.5.1/lto-wrapper -plugin-opt=-fresolution=/tmp/ccvOQNKO.res -plugin-opt=-pass-through=-lgcc_s -plugin-opt=-pass-through=-lgcc -plugin-opt=-pass-through=-lc -plugin-opt=-pass-through=-lgcc_s -plugin-opt=-pass-through=-lgcc --build-id --no-add-needed --eh-frame-hdr --hash-style=gnu -m elf_x86_64 -export-dynamic -dynamic-linker /lib64/ld-linux-x86-64.so.2 -o cmTC_4da7e /usr/lib/gcc/x86_64-redhat-linux/6.5.1/../../../../lib64/crt1.o /usr/lib/gcc/x86_64-redhat-linux/6.5.1/../../../../lib64/crti.o /usr/lib/gcc/x86_64-redhat-linux/6.5.1/crtbegin.o -L/usr/lib/gcc/x86_64-redhat-linux/6.5.1 -L/usr/lib/gcc/x86_64-redhat-linux/6.5.1/../../../../lib64 -L/lib/../lib64 -L/usr/lib/../lib64 -L/usr/lib/gcc/x86_64-redhat-linux/6.5.1/../../.. CMakeFiles/cmTC_4da7e.dir/CMakeCXXCompilerABI.cpp.o -lstdc++ -lm -lgcc_s -lgcc -lc -lgcc_s -lgcc /usr/lib/gcc/x86_64-redhat-linux/6.5.1/crtend.o /usr/lib/gcc/x86_64-redhat-linux/6.5.1/../../../../lib64/crtn.o
COLLECT_GCC_OPTIONS='-v' '-rdynamic' '-o' 'cmTC_4da7e' '-shared-libgcc' '-mtune=generic' '-march=x86-64'
gmake[1]: Leaving directory `/home/admin/louyunkai.lyk/gopt/gopt_experiment/graindb/CMakeFiles/CMakeTmp'



Parsed CXX implicit include dir info from above output: rv=done
  found start of include info
  found start of implicit include info
    add: [/usr/lib/gcc/x86_64-redhat-linux/6.5.1/../../../../include/c++/6.5.1]
    add: [/usr/lib/gcc/x86_64-redhat-linux/6.5.1/../../../../include/c++/6.5.1/x86_64-redhat-linux]
    add: [/usr/lib/gcc/x86_64-redhat-linux/6.5.1/../../../../include/c++/6.5.1/backward]
    add: [/usr/lib/gcc/x86_64-redhat-linux/6.5.1/include]
    add: [/usr/local/include]
    add: [/usr/include]
  end of search list found
  collapse include dir [/usr/lib/gcc/x86_64-redhat-linux/6.5.1/../../../../include/c++/6.5.1] ==> [/usr/include/c++/6.5.1]
  collapse include dir [/usr/lib/gcc/x86_64-redhat-linux/6.5.1/../../../../include/c++/6.5.1/x86_64-redhat-linux] ==> [/usr/include/c++/6.5.1/x86_64-redhat-linux]
  collapse include dir [/usr/lib/gcc/x86_64-redhat-linux/6.5.1/../../../../include/c++/6.5.1/backward] ==> [/usr/include/c++/6.5.1/backward]
  collapse include dir [/usr/lib/gcc/x86_64-redhat-linux/6.5.1/include] ==> [/usr/lib/gcc/x86_64-redhat-linux/6.5.1/include]
  collapse include dir [/usr/local/include] ==> [/usr/local/include]
  collapse include dir [/usr/include] ==> [/usr/include]
  implicit include dirs: [/usr/include/c++/6.5.1;/usr/include/c++/6.5.1/x86_64-redhat-linux;/usr/include/c++/6.5.1/backward;/usr/lib/gcc/x86_64-redhat-linux/6.5.1/include;/usr/local/include;/usr/include]


Parsed CXX implicit link information from above output:
  link line regex: [^( *|.*[/\])(ld|CMAKE_LINK_STARTFILE-NOTFOUND|([^/\]+-)?ld|collect2)[^/\]*( |$)]
  ignore line: [Change Dir: /home/admin/louyunkai.lyk/gopt/gopt_experiment/graindb/CMakeFiles/CMakeTmp]
  ignore line: []
  ignore line: [Run Build Command(s):/bin/gmake cmTC_4da7e/fast && /bin/gmake  -f CMakeFiles/cmTC_4da7e.dir/build.make CMakeFiles/cmTC_4da7e.dir/build]
  ignore line: [gmake[1]: Entering directory `/home/admin/louyunkai.lyk/gopt/gopt_experiment/graindb/CMakeFiles/CMakeTmp']
  ignore line: [Building CXX object CMakeFiles/cmTC_4da7e.dir/CMakeCXXCompilerABI.cpp.o]
  ignore line: [/bin/c++    -v -o CMakeFiles/cmTC_4da7e.dir/CMakeCXXCompilerABI.cpp.o -c /usr/share/cmake3/Modules/CMakeCXXCompilerABI.cpp]
  ignore line: [Using built-in specs.]
  ignore line: [COLLECT_GCC=/bin/c++]
  ignore line: [Target: x86_64-redhat-linux]
  ignore line: [Configured with: ../configure --enable-bootstrap --enable-languages=c c++ objc obj-c++ fortran go lto --prefix=/usr --mandir=/usr/share/man --infodir=/usr/share/info --with-bugurl=https://aone.alibaba-inc.com/project/767688/issue/ --enable-shared --enable-threads=posix --enable-checking=release --enable-multilib --with-system-zlib --enable-__cxa_atexit --disable-libunwind-exceptions --enable-gnu-unique-object --enable-linker-build-id --with-linker-hash-style=gnu --enable-plugin --enable-initfini-array --disable-libgcj --with-isl --disable-libmpx --enable-gnu-indirect-function --with-tune=generic --with-arch_32=x86-64 --build=x86_64-redhat-linux]
  ignore line: [Thread model: posix]
  ignore line: [gcc version 6.5.1 20181026 (Alibaba 6.5.1-1) (GCC) ]
  ignore line: [COLLECT_GCC_OPTIONS='-v' '-o' 'CMakeFiles/cmTC_4da7e.dir/CMakeCXXCompilerABI.cpp.o' '-c' '-shared-libgcc' '-mtune=generic' '-march=x86-64']
  ignore line: [ /usr/libexec/gcc/x86_64-redhat-linux/6.5.1/cc1plus -quiet -v -D_GNU_SOURCE /usr/share/cmake3/Modules/CMakeCXXCompilerABI.cpp -quiet -dumpbase CMakeCXXCompilerABI.cpp -mtune=generic -march=x86-64 -auxbase-strip CMakeFiles/cmTC_4da7e.dir/CMakeCXXCompilerABI.cpp.o -version -o /tmp/ccqXv0LM.s]
  ignore line: [GNU C++14 (GCC) version 6.5.1 20181026 (Alibaba 6.5.1-1) (x86_64-redhat-linux)]
  ignore line: [	compiled by GNU C version 6.5.1 20181026 (Alibaba 6.5.1-1)  GMP version 6.0.0  MPFR version 3.1.1  MPC version 1.0.1  isl version 0.14 or 0.13]
  ignore line: [GGC heuristics: --param ggc-min-expand=100 --param ggc-min-heapsize=131072]
  ignore line: [ignoring nonexistent directory "/usr/lib/gcc/x86_64-redhat-linux/6.5.1/include-fixed"]
  ignore line: [ignoring nonexistent directory "/usr/lib/gcc/x86_64-redhat-linux/6.5.1/../../../../x86_64-redhat-linux/include"]
  ignore line: [#include "..." search starts here:]
  ignore line: [#include <...> search starts here:]
  ignore line: [ /usr/lib/gcc/x86_64-redhat-linux/6.5.1/../../../../include/c++/6.5.1]
  ignore line: [ /usr/lib/gcc/x86_64-redhat-linux/6.5.1/../../../../include/c++/6.5.1/x86_64-redhat-linux]
  ignore line: [ /usr/lib/gcc/x86_64-redhat-linux/6.5.1/../../../../include/c++/6.5.1/backward]
  ignore line: [ /usr/lib/gcc/x86_64-redhat-linux/6.5.1/include]
  ignore line: [ /usr/local/include]
  ignore line: [ /usr/include]
  ignore line: [End of search list.]
  ignore line: [GNU C++14 (GCC) version 6.5.1 20181026 (Alibaba 6.5.1-1) (x86_64-redhat-linux)]
  ignore line: [	compiled by GNU C version 6.5.1 20181026 (Alibaba 6.5.1-1)  GMP version 6.0.0  MPFR version 3.1.1  MPC version 1.0.1  isl version 0.14 or 0.13]
  ignore line: [GGC heuristics: --param ggc-min-expand=100 --param ggc-min-heapsize=131072]
  ignore line: [Compiler executable checksum: 9939a765a42ec3366620355ec259878a]
  ignore line: [COLLECT_GCC_OPTIONS='-v' '-o' 'CMakeFiles/cmTC_4da7e.dir/CMakeCXXCompilerABI.cpp.o' '-c' '-shared-libgcc' '-mtune=generic' '-march=x86-64']
  ignore line: [ as -v --64 -o CMakeFiles/cmTC_4da7e.dir/CMakeCXXCompilerABI.cpp.o /tmp/ccqXv0LM.s]
  ignore line: [GNU assembler version 2.26.1 (x86_64-redhat-linux) using BFD version version 2.26.1-2.alios7]
  ignore line: [COMPILER_PATH=/usr/libexec/gcc/x86_64-redhat-linux/6.5.1/:/usr/libexec/gcc/x86_64-redhat-linux/6.5.1/:/usr/libexec/gcc/x86_64-redhat-linux/:/usr/lib/gcc/x86_64-redhat-linux/6.5.1/:/usr/lib/gcc/x86_64-redhat-linux/]
  ignore line: [LIBRARY_PATH=/usr/lib/gcc/x86_64-redhat-linux/6.5.1/:/usr/lib/gcc/x86_64-redhat-linux/6.5.1/../../../../lib64/:/lib/../lib64/:/usr/lib/../lib64/:/usr/lib/gcc/x86_64-redhat-linux/6.5.1/../../../:/lib/:/usr/lib/]
  ignore line: [COLLECT_GCC_OPTIONS='-v' '-o' 'CMakeFiles/cmTC_4da7e.dir/CMakeCXXCompilerABI.cpp.o' '-c' '-shared-libgcc' '-mtune=generic' '-march=x86-64']
  ignore line: [Linking CXX executable cmTC_4da7e]
  ignore line: [/usr/bin/cmake3 -E cmake_link_script CMakeFiles/cmTC_4da7e.dir/link.txt --verbose=1]
  ignore line: [/bin/c++      -v -rdynamic CMakeFiles/cmTC_4da7e.dir/CMakeCXXCompilerABI.cpp.o  -o cmTC_4da7e ]
  ignore line: [Using built-in specs.]
  ignore line: [COLLECT_GCC=/bin/c++]
  ignore line: [COLLECT_LTO_WRAPPER=/usr/libexec/gcc/x86_64-redhat-linux/6.5.1/lto-wrapper]
  ignore line: [Target: x86_64-redhat-linux]
  ignore line: [Configured with: ../configure --enable-bootstrap --enable-languages=c c++ objc obj-c++ fortran go lto --prefix=/usr --mandir=/usr/share/man --infodir=/usr/share/info --with-bugurl=https://aone.alibaba-inc.com/project/767688/issue/ --enable-shared --enable-threads=posix --enable-checking=release --enable-multilib --with-system-zlib --enable-__cxa_atexit --disable-libunwind-exceptions --enable-gnu-unique-object --enable-linker-build-id --with-linker-hash-style=gnu --enable-plugin --enable-initfini-array --disable-libgcj --with-isl --disable-libmpx --enable-gnu-indirect-function --with-tune=generic --with-arch_32=x86-64 --build=x86_64-redhat-linux]
  ignore line: [Thread model: posix]
  ignore line: [gcc version 6.5.1 20181026 (Alibaba 6.5.1-1) (GCC) ]
  ignore line: [COMPILER_PATH=/usr/libexec/gcc/x86_64-redhat-linux/6.5.1/:/usr/libexec/gcc/x86_64-redhat-linux/6.5.1/:/usr/libexec/gcc/x86_64-redhat-linux/:/usr/lib/gcc/x86_64-redhat-linux/6.5.1/:/usr/lib/gcc/x86_64-redhat-linux/]
  ignore line: [LIBRARY_PATH=/usr/lib/gcc/x86_64-redhat-linux/6.5.1/:/usr/lib/gcc/x86_64-redhat-linux/6.5.1/../../../../lib64/:/lib/../lib64/:/usr/lib/../lib64/:/usr/lib/gcc/x86_64-redhat-linux/6.5.1/../../../:/lib/:/usr/lib/]
  ignore line: [COLLECT_GCC_OPTIONS='-v' '-rdynamic' '-o' 'cmTC_4da7e' '-shared-libgcc' '-mtune=generic' '-march=x86-64']
  link line: [ /usr/libexec/gcc/x86_64-redhat-linux/6.5.1/collect2 -plugin /usr/libexec/gcc/x86_64-redhat-linux/6.5.1/liblto_plugin.so -plugin-opt=/usr/libexec/gcc/x86_64-redhat-linux/6.5.1/lto-wrapper -plugin-opt=-fresolution=/tmp/ccvOQNKO.res -plugin-opt=-pass-through=-lgcc_s -plugin-opt=-pass-through=-lgcc -plugin-opt=-pass-through=-lc -plugin-opt=-pass-through=-lgcc_s -plugin-opt=-pass-through=-lgcc --build-id --no-add-needed --eh-frame-hdr --hash-style=gnu -m elf_x86_64 -export-dynamic -dynamic-linker /lib64/ld-linux-x86-64.so.2 -o cmTC_4da7e /usr/lib/gcc/x86_64-redhat-linux/6.5.1/../../../../lib64/crt1.o /usr/lib/gcc/x86_64-redhat-linux/6.5.1/../../../../lib64/crti.o /usr/lib/gcc/x86_64-redhat-linux/6.5.1/crtbegin.o -L/usr/lib/gcc/x86_64-redhat-linux/6.5.1 -L/usr/lib/gcc/x86_64-redhat-linux/6.5.1/../../../../lib64 -L/lib/../lib64 -L/usr/lib/../lib64 -L/usr/lib/gcc/x86_64-redhat-linux/6.5.1/../../.. CMakeFiles/cmTC_4da7e.dir/CMakeCXXCompilerABI.cpp.o -lstdc++ -lm -lgcc_s -lgcc -lc -lgcc_s -lgcc /usr/lib/gcc/x86_64-redhat-linux/6.5.1/crtend.o /usr/lib/gcc/x86_64-redhat-linux/6.5.1/../../../../lib64/crtn.o]
    arg [/usr/libexec/gcc/x86_64-redhat-linux/6.5.1/collect2] ==> ignore
    arg [-plugin] ==> ignore
    arg [/usr/libexec/gcc/x86_64-redhat-linux/6.5.1/liblto_plugin.so] ==> ignore
    arg [-plugin-opt=/usr/libexec/gcc/x86_64-redhat-linux/6.5.1/lto-wrapper] ==> ignore
    arg [-plugin-opt=-fresolution=/tmp/ccvOQNKO.res] ==> ignore
    arg [-plugin-opt=-pass-through=-lgcc_s] ==> ignore
    arg [-plugin-opt=-pass-through=-lgcc] ==> ignore
    arg [-plugin-opt=-pass-through=-lc] ==> ignore
    arg [-plugin-opt=-pass-through=-lgcc_s] ==> ignore
    arg [-plugin-opt=-pass-through=-lgcc] ==> ignore
    arg [--build-id] ==> ignore
    arg [--no-add-needed] ==> ignore
    arg [--eh-frame-hdr] ==> ignore
    arg [--hash-style=gnu] ==> ignore
    arg [-m] ==> ignore
    arg [elf_x86_64] ==> ignore
    arg [-export-dynamic] ==> ignore
    arg [-dynamic-linker] ==> ignore
    arg [/lib64/ld-linux-x86-64.so.2] ==> ignore
    arg [-o] ==> ignore
    arg [cmTC_4da7e] ==> ignore
    arg [/usr/lib/gcc/x86_64-redhat-linux/6.5.1/../../../../lib64/crt1.o] ==> ignore
    arg [/usr/lib/gcc/x86_64-redhat-linux/6.5.1/../../../../lib64/crti.o] ==> ignore
    arg [/usr/lib/gcc/x86_64-redhat-linux/6.5.1/crtbegin.o] ==> ignore
    arg [-L/usr/lib/gcc/x86_64-redhat-linux/6.5.1] ==> dir [/usr/lib/gcc/x86_64-redhat-linux/6.5.1]
    arg [-L/usr/lib/gcc/x86_64-redhat-linux/6.5.1/../../../../lib64] ==> dir [/usr/lib/gcc/x86_64-redhat-linux/6.5.1/../../../../lib64]
    arg [-L/lib/../lib64] ==> dir [/lib/../lib64]
    arg [-L/usr/lib/../lib64] ==> dir [/usr/lib/../lib64]
    arg [-L/usr/lib/gcc/x86_64-redhat-linux/6.5.1/../../..] ==> dir [/usr/lib/gcc/x86_64-redhat-linux/6.5.1/../../..]
    arg [CMakeFiles/cmTC_4da7e.dir/CMakeCXXCompilerABI.cpp.o] ==> ignore
    arg [-lstdc++] ==> lib [stdc++]
    arg [-lm] ==> lib [m]
    arg [-lgcc_s] ==> lib [gcc_s]
    arg [-lgcc] ==> lib [gcc]
    arg [-lc] ==> lib [c]
    arg [-lgcc_s] ==> lib [gcc_s]
    arg [-lgcc] ==> lib [gcc]
    arg [/usr/lib/gcc/x86_64-redhat-linux/6.5.1/crtend.o] ==> ignore
    arg [/usr/lib/gcc/x86_64-redhat-linux/6.5.1/../../../../lib64/crtn.o] ==> ignore
  collapse library dir [/usr/lib/gcc/x86_64-redhat-linux/6.5.1] ==> [/usr/lib/gcc/x86_64-redhat-linux/6.5.1]
  collapse library dir [/usr/lib/gcc/x86_64-redhat-linux/6.5.1/../../../../lib64] ==> [/usr/lib64]
  collapse library dir [/lib/../lib64] ==> [/lib64]
  collapse library dir [/usr/lib/../lib64] ==> [/usr/lib64]
  collapse library dir [/usr/lib/gcc/x86_64-redhat-linux/6.5.1/../../..] ==> [/usr/lib]
  implicit libs: [stdc++;m;gcc_s;gcc;c;gcc_s;gcc]
  implicit dirs: [/usr/lib/gcc/x86_64-redhat-linux/6.5.1;/usr/lib64;/lib64;/usr/lib]
  implicit fwks: []


Determining if the include file pthread.h exists passed with the following output:
Change Dir: /home/admin/louyunkai.lyk/gopt/gopt_experiment/graindb/CMakeFiles/CMakeTmp

Run Build Command(s):/bin/gmake cmTC_23977/fast && /bin/gmake  -f CMakeFiles/cmTC_23977.dir/build.make CMakeFiles/cmTC_23977.dir/build
gmake[1]: Entering directory `/home/admin/louyunkai.lyk/gopt/gopt_experiment/graindb/CMakeFiles/CMakeTmp'
Building C object CMakeFiles/cmTC_23977.dir/CheckIncludeFile.c.o
/bin/cc    -o CMakeFiles/cmTC_23977.dir/CheckIncludeFile.c.o   -c /home/admin/louyunkai.lyk/gopt/gopt_experiment/graindb/CMakeFiles/CMakeTmp/CheckIncludeFile.c
Linking C executable cmTC_23977
/usr/bin/cmake3 -E cmake_link_script CMakeFiles/cmTC_23977.dir/link.txt --verbose=1
/bin/cc      -rdynamic CMakeFiles/cmTC_23977.dir/CheckIncludeFile.c.o  -o cmTC_23977 
gmake[1]: Leaving directory `/home/admin/louyunkai.lyk/gopt/gopt_experiment/graindb/CMakeFiles/CMakeTmp'



Determining if the function pthread_create exists in the pthread passed with the following output:
Change Dir: /home/admin/louyunkai.lyk/gopt/gopt_experiment/graindb/CMakeFiles/CMakeTmp

Run Build Command(s):/bin/gmake cmTC_4e014/fast && /bin/gmake  -f CMakeFiles/cmTC_4e014.dir/build.make CMakeFiles/cmTC_4e014.dir/build
gmake[1]: Entering directory `/home/admin/louyunkai.lyk/gopt/gopt_experiment/graindb/CMakeFiles/CMakeTmp'
Building C object CMakeFiles/cmTC_4e014.dir/CheckFunctionExists.c.o
/bin/cc   -DCHECK_FUNCTION_EXISTS=pthread_create   -o CMakeFiles/cmTC_4e014.dir/CheckFunctionExists.c.o   -c /usr/share/cmake3/Modules/CheckFunctionExists.c
Linking C executable cmTC_4e014
/usr/bin/cmake3 -E cmake_link_script CMakeFiles/cmTC_4e014.dir/link.txt --verbose=1
/bin/cc  -DCHECK_FUNCTION_EXISTS=pthread_create    -rdynamic CMakeFiles/cmTC_4e014.dir/CheckFunctionExists.c.o  -o cmTC_4e014  -lpthread 
gmake[1]: Leaving directory `/home/admin/louyunkai.lyk/gopt/gopt_experiment/graindb/CMakeFiles/CMakeTmp'



