Performing C SOURCE FILE Test CMAKE_HAVE_LIBC_PTHREAD failed with the following output:
Change Dir: /home/admin/louyunkai.lyk/gopt/gopt_experiment/duckdb/CMakeFiles/CMakeTmp

Run Build Command(s):/bin/gmake cmTC_7c547/fast && /bin/gmake  -f CMakeFiles/cmTC_7c547.dir/build.make CMakeFiles/cmTC_7c547.dir/build
gmake[1]: Entering directory `/home/admin/louyunkai.lyk/gopt/gopt_experiment/duckdb/CMakeFiles/CMakeTmp'
Building C object CMakeFiles/cmTC_7c547.dir/src.c.o
/bin/cc   -DCMAKE_HAVE_LIBC_PTHREAD   -o CMakeFiles/cmTC_7c547.dir/src.c.o   -c /home/admin/louyunkai.lyk/gopt/gopt_experiment/duckdb/CMakeFiles/CMakeTmp/src.c
Linking C executable cmTC_7c547
/usr/bin/cmake3 -E cmake_link_script CMakeFiles/cmTC_7c547.dir/link.txt --verbose=1
/bin/cc  -DCMAKE_HAVE_LIBC_PTHREAD    -rdynamic CMakeFiles/cmTC_7c547.dir/src.c.o  -o cmTC_7c547 
CMakeFiles/cmTC_7c547.dir/src.c.o: In function `main':
src.c:(.text+0x2d): undefined reference to `pthread_create'
src.c:(.text+0x39): undefined reference to `pthread_detach'
src.c:(.text+0x45): undefined reference to `pthread_cancel'
src.c:(.text+0x56): undefined reference to `pthread_join'
collect2: error: ld returned 1 exit status
gmake[1]: *** [cmTC_7c547] Error 1
gmake[1]: Leaving directory `/home/admin/louyunkai.lyk/gopt/gopt_experiment/duckdb/CMakeFiles/CMakeTmp'
gmake: *** [cmTC_7c547/fast] Error 2


Source file was:
#include <pthread.h>

void* test_func(void* data)
{
  return data;
}

int main(void)
{
  pthread_t thread;
  pthread_create(&thread, NULL, test_func, NULL);
  pthread_detach(thread);
  pthread_cancel(thread);
  pthread_join(thread, NULL);
  pthread_atfork(NULL, NULL, NULL);
  pthread_exit(NULL);

  return 0;
}

Determining if the function pthread_create exists in the pthreads failed with the following output:
Change Dir: /home/admin/louyunkai.lyk/gopt/gopt_experiment/duckdb/CMakeFiles/CMakeTmp

Run Build Command(s):/bin/gmake cmTC_6024e/fast && /bin/gmake  -f CMakeFiles/cmTC_6024e.dir/build.make CMakeFiles/cmTC_6024e.dir/build
gmake[1]: Entering directory `/home/admin/louyunkai.lyk/gopt/gopt_experiment/duckdb/CMakeFiles/CMakeTmp'
Building C object CMakeFiles/cmTC_6024e.dir/CheckFunctionExists.c.o
/bin/cc   -DCHECK_FUNCTION_EXISTS=pthread_create   -o CMakeFiles/cmTC_6024e.dir/CheckFunctionExists.c.o   -c /usr/share/cmake3/Modules/CheckFunctionExists.c
Linking C executable cmTC_6024e
/usr/bin/cmake3 -E cmake_link_script CMakeFiles/cmTC_6024e.dir/link.txt --verbose=1
/bin/cc  -DCHECK_FUNCTION_EXISTS=pthread_create    -rdynamic CMakeFiles/cmTC_6024e.dir/CheckFunctionExists.c.o  -o cmTC_6024e  -lpthreads 
/bin/ld: cannot find -lpthreads
collect2: error: ld returned 1 exit status
gmake[1]: *** [cmTC_6024e] Error 1
gmake[1]: Leaving directory `/home/admin/louyunkai.lyk/gopt/gopt_experiment/duckdb/CMakeFiles/CMakeTmp'
gmake: *** [cmTC_6024e/fast] Error 2



